  Aircraft.cpp
  Animation.cpp
  Application.cpp
  BloomEffect.cpp
  Button.cpp
  Command.cpp
  CommandQueue.cpp
  Component.cpp
  Container.cpp
C:\Hooman\GBC\GAME3015\Week 12\Week12\Week11-Demo9-PostEffect\Source\Container.cpp(75,25): warning C4267: '=': conversion from 'size_t' to 'int', possible loss of data
C:\Hooman\GBC\GAME3015\Week 12\Week12\Week11-Demo9-PostEffect\Source\Container.cpp(102,58): warning C4267: '=': conversion from 'size_t' to 'int', possible loss of data
  DataTables.cpp
  EmitterNode.cpp
  Entity.cpp
  GameOverState.cpp
  GameState.cpp
  Label.cpp
  Main.cpp
  MenuState.cpp
  ParticleNode.cpp
  PauseState.cpp
  Pickup.cpp
  Generating Code...
  Compiling...
  Player.cpp
  PostEffect.cpp
  Projectile.cpp
  SceneNode.cpp
  SettingsState.cpp
  SpriteNode.cpp
  State.cpp
  StateStack.cpp
  TextNode.cpp
  TitleState.cpp
  Utility.cpp
  World.cpp
  Generating Code...
  Week11-Demo9-PostEffect.vcxproj -> C:\Hooman\GBC\GAME3015\Week 12\Week12\x64\Debug\Week12-Demo0-PostEffect.exe
