C:\Program Files (x86)\Microsoft Visual Studio\2019\Community\MSBuild\Microsoft\VC\v160\Microsoft.CppBuild.targets(491,5): warning MSB8028: The intermediate directory (x64\Debug\) contains files shared from another project (Week12-Demo0-PostEffect.vcxproj, Week12-Demo3-3DSound.vcxproj, Week12-Demo2-SoundEffect.vcxproj, Week12-Demo1-MusicPlayer.vcxproj).  This can lead to incorrect clean and rebuild behavior.
  Aircraft.cpp
  Animation.cpp
  Application.cpp
  BloomEffect.cpp
  Button.cpp
  Command.cpp
  CommandQueue.cpp
  Component.cpp
  Container.cpp
C:\Hooman\GBC\GAME3015\Week 14\Week14\Week14-Demo1-Multiplayer\Source\Container.cpp(76,25): warning C4267: '=': conversion from 'size_t' to 'int', possible loss of data
C:\Hooman\GBC\GAME3015\Week 14\Week14\Week14-Demo1-Multiplayer\Source\Container.cpp(103,58): warning C4267: '=': conversion from 'size_t' to 'int', possible loss of data
  DataTables.cpp
  EmitterNode.cpp
  Entity.cpp
  GameOverState.cpp
  GameServer.cpp
  GameState.cpp
  KeyBinding.cpp
  Label.cpp
  Main.cpp
  MenuState.cpp
  MultiplayerGameState.cpp
  Generating Code...
  Compiling...
  MusicPlayer.cpp
  NetworkNode.cpp
  ParticleNode.cpp
  PauseState.cpp
  Pickup.cpp
  Player.cpp
  PostEffect.cpp
  Projectile.cpp
  SceneNode.cpp
  SettingsState.cpp
  SoundNode.cpp
  SoundPlayer.cpp
  SpriteNode.cpp
  State.cpp
  StateStack.cpp
  TextNode.cpp
  TitleState.cpp
  Utility.cpp
  World.cpp
  Generating Code...
  Week14-Demo1-Multiplayer.vcxproj -> C:\Hooman\GBC\GAME3015\Week 14\Week14\x64\Debug\Week14-Demo1-MultiPlayer.exe
