c:\hooman\gbc\game3015\week 12\week12\week11-demo9-posteffect\x64\debug\vc142.pdb
c:\hooman\gbc\game3015\week 12\week12\week11-demo9-posteffect\x64\debug\vc142.idb
c:\hooman\gbc\game3015\week 12\week12\week11-demo9-posteffect\x64\debug\pickup.obj
c:\hooman\gbc\game3015\week 12\week12\week11-demo9-posteffect\x64\debug\pausestate.obj
c:\hooman\gbc\game3015\week 12\week12\week11-demo9-posteffect\x64\debug\particlenode.obj
c:\hooman\gbc\game3015\week 12\week12\week11-demo9-posteffect\x64\debug\menustate.obj
c:\hooman\gbc\game3015\week 12\week12\week11-demo9-posteffect\x64\debug\main.obj
c:\hooman\gbc\game3015\week 12\week12\week11-demo9-posteffect\x64\debug\label.obj
c:\hooman\gbc\game3015\week 12\week12\week11-demo9-posteffect\x64\debug\gamestate.obj
c:\hooman\gbc\game3015\week 12\week12\week11-demo9-posteffect\x64\debug\gameoverstate.obj
c:\hooman\gbc\game3015\week 12\week12\week11-demo9-posteffect\x64\debug\entity.obj
c:\hooman\gbc\game3015\week 12\week12\week11-demo9-posteffect\x64\debug\emitternode.obj
c:\hooman\gbc\game3015\week 12\week12\week11-demo9-posteffect\x64\debug\datatables.obj
c:\hooman\gbc\game3015\week 12\week12\week11-demo9-posteffect\x64\debug\container.obj
c:\hooman\gbc\game3015\week 12\week12\week11-demo9-posteffect\x64\debug\component.obj
c:\hooman\gbc\game3015\week 12\week12\week11-demo9-posteffect\x64\debug\commandqueue.obj
c:\hooman\gbc\game3015\week 12\week12\week11-demo9-posteffect\x64\debug\command.obj
c:\hooman\gbc\game3015\week 12\week12\week11-demo9-posteffect\x64\debug\button.obj
c:\hooman\gbc\game3015\week 12\week12\week11-demo9-posteffect\x64\debug\bloomeffect.obj
c:\hooman\gbc\game3015\week 12\week12\week11-demo9-posteffect\x64\debug\application.obj
c:\hooman\gbc\game3015\week 12\week12\week11-demo9-posteffect\x64\debug\animation.obj
c:\hooman\gbc\game3015\week 12\week12\week11-demo9-posteffect\x64\debug\aircraft.obj
c:\hooman\gbc\game3015\week 12\week12\week11-demo9-posteffect\x64\debug\utility.obj
c:\hooman\gbc\game3015\week 12\week12\week11-demo9-posteffect\x64\debug\titlestate.obj
c:\hooman\gbc\game3015\week 12\week12\week11-demo9-posteffect\x64\debug\textnode.obj
c:\hooman\gbc\game3015\week 12\week12\week11-demo9-posteffect\x64\debug\statestack.obj
c:\hooman\gbc\game3015\week 12\week12\week11-demo9-posteffect\x64\debug\state.obj
c:\hooman\gbc\game3015\week 12\week12\week11-demo9-posteffect\x64\debug\spritenode.obj
c:\hooman\gbc\game3015\week 12\week12\week11-demo9-posteffect\x64\debug\settingsstate.obj
c:\hooman\gbc\game3015\week 12\week12\week11-demo9-posteffect\x64\debug\scenenode.obj
c:\hooman\gbc\game3015\week 12\week12\week11-demo9-posteffect\x64\debug\projectile.obj
c:\hooman\gbc\game3015\week 12\week12\week11-demo9-posteffect\x64\debug\posteffect.obj
c:\hooman\gbc\game3015\week 12\week12\week11-demo9-posteffect\x64\debug\player.obj
c:\hooman\gbc\game3015\week 12\week12\week11-demo9-posteffect\x64\debug\week12-d.03859356.tlog\cl.command.1.tlog
c:\hooman\gbc\game3015\week 12\week12\week11-demo9-posteffect\x64\debug\week12-d.03859356.tlog\cl.read.1.tlog
c:\hooman\gbc\game3015\week 12\week12\week11-demo9-posteffect\x64\debug\week12-d.03859356.tlog\cl.write.1.tlog
